\BOOKMARK [1][-]{Rfn.mosclust.Rdash.package.1}{mosclust-package}{}
\BOOKMARK [1][-]{Rfn.Bernstein.compute.pvalues.1}{Bernstein.compute.pvalues}{}
\BOOKMARK [1][-]{Rfn.Bernstein.p.value.1}{Bernstein.p.value}{}
\BOOKMARK [1][-]{Rfn.Chi.square.compute.pvalues.1}{Chi.square.compute.pvalues}{}
\BOOKMARK [1][-]{Rfn.Compute.Chi.sq.1}{Compute.Chi.sq}{}
\BOOKMARK [1][-]{Rfn.compute.cumulative.multiple.1}{compute.cumulative.multiple}{}
\BOOKMARK [1][-]{Rfn.compute.integral.1}{compute.integral}{}
\BOOKMARK [1][-]{Rfn.Do.boolean.membership.matrix.1}{Do.boolean.membership.matrix}{}
\BOOKMARK [1][-]{Rfn.do.similarity.noise.1}{do.similarity.noise}{}
\BOOKMARK [1][-]{Rfn.do.similarity.projection.1}{do.similarity.projection}{}
\BOOKMARK [1][-]{Rfn.do.similarity.resampling.1}{do.similarity.resampling}{}
\BOOKMARK [1][-]{Rfn.Fuzzy.kmeans.sim.noise.1}{Fuzzy.kmeans.sim.noise}{}
\BOOKMARK [1][-]{Rfn.Fuzzy.kmeans.sim.projection.1}{Fuzzy.kmeans.sim.projection}{}
\BOOKMARK [1][-]{Rfn.Fuzzy.kmeans.sim.resampling.1}{Fuzzy.kmeans.sim.resampling}{}
\BOOKMARK [1][-]{Rfn.Hierarchical.sim.noise.1}{Hierarchical.sim.noise}{}
\BOOKMARK [1][-]{Rfn.Hierarchical.sim.projection.1}{Hierarchical.sim.projection}{}
\BOOKMARK [1][-]{Rfn.Hierarchical.sim.resampling.1}{Hierarchical.sim.resampling}{}
\BOOKMARK [1][-]{Rfn.Hybrid.testing.1}{Hybrid.testing}{}
\BOOKMARK [1][-]{Rfn.Hypothesis.testing.1}{Hypothesis.testing}{}
\BOOKMARK [1][-]{Rfn.Intersect.1}{Intersect}{}
\BOOKMARK [1][-]{Rfn.Kmeans.sim.noise.1}{Kmeans.sim.noise}{}
\BOOKMARK [1][-]{Rfn.Kmeans.sim.projection.1}{Kmeans.sim.projection}{}
\BOOKMARK [1][-]{Rfn.Kmeans.sim.resampling.1}{Kmeans.sim.resampling}{}
\BOOKMARK [1][-]{Rfn.PAM.sim.noise.1}{PAM.sim.noise}{}
\BOOKMARK [1][-]{Rfn.PAM.sim.projection.1}{PAM.sim.projection}{}
\BOOKMARK [1][-]{Rfn.PAM.sim.resampling.1}{PAM.sim.resampling}{}
\BOOKMARK [1][-]{Rfn.perturb.by.noise.1}{perturb.by.noise}{}
\BOOKMARK [1][-]{Rfn.plot.cumulative.1}{plot.cumulative}{}
\BOOKMARK [1][-]{Rfn.plot.histograms.similarity.1}{plot.histograms.similarity}{}
\BOOKMARK [1][-]{Rfn.plot.pvalues.1}{plot.pvalues}{}
\BOOKMARK [1][-]{Rfn.Similarity.measures.1}{Similarity.measures}{}
